<?xml version="1.0" encoding="UTF-8"?>
<!-- Generated by org.testng.reporters.JUnitReportReporter -->
<testsuite hostname="INBook_X1" failures="0" tests="1" name="com.bankingproject.TestClass.Verify_Login" time="21.932" errors="0" timestamp="2024-04-28T10:27:38 IST" skipped="0">
  <testcase classname="com.bankingproject.TestClass.Verify_Login" name="loginTest" time="21.932"/>
</testsuite> <!-- com.bankingproject.TestClass.Verify_Login -->
